org.eclipse.m2e.logback.configuration: The org.eclipse.m2e.logback.configuration bundle was activated before the state location was initialized.  Will retry after the state location is initialized.
org.eclipse.m2e.logback.configuration: Logback config file: /home/alex/eclipse-workspace/.metadata/.plugins/org.eclipse.m2e.logback.configuration/logback.1.11.0.20190220-2119.xml
SLF4J: Class path contains multiple SLF4J bindings.
SLF4J: Found binding in [bundleresource://465.fwk1164699452:1/org/slf4j/impl/StaticLoggerBinder.class]
SLF4J: Found binding in [bundleresource://465.fwk1164699452:2/org/slf4j/impl/StaticLoggerBinder.class]
SLF4J: See http://www.slf4j.org/codes.html#multiple_bindings for an explanation.
SLF4J: Actual binding is of type [ch.qos.logback.classic.util.ContextSelectorStaticBinder]
org.eclipse.m2e.logback.configuration: Initializing logback
*** BUG ***
In pixman_region32_init_rect: Invalid rectangle passed
Set a breakpoint on '_pixman_log_error' to debug

*** BUG ***
In pixman_region32_init_rect: Invalid rectangle passed
Set a breakpoint on '_pixman_log_error' to debug

*** BUG ***
In pixman_region32_init_rect: Invalid rectangle passed
Set a breakpoint on '_pixman_log_error' to debug

*** BUG ***
In pixman_region32_init_rect: Invalid rectangle passed
Set a breakpoint on '_pixman_log_error' to debug

*** BUG ***
In pixman_region32_init_rect: Invalid rectangle passed
Set a breakpoint on '_pixman_log_error' to debug

org.eclipse.m2e.logback.configuration: The org.eclipse.m2e.logback.configuration bundle was activated before the state location was initialized.  Will retry after the state location is initialized.
org.eclipse.m2e.logback.configuration: Logback config file: /home/alex/eclipse-workspace/.metadata/.plugins/org.eclipse.m2e.logback.configuration/logback.1.11.0.20190220-2119.xml
SLF4J: Class path contains multiple SLF4J bindings.
SLF4J: Found binding in [bundleresource://465.fwk1164699452:1/org/slf4j/impl/StaticLoggerBinder.class]
SLF4J: Found binding in [bundleresource://465.fwk1164699452:2/org/slf4j/impl/StaticLoggerBinder.class]
SLF4J: See http://www.slf4j.org/codes.html#multiple_bindings for an explanation.
SLF4J: Actual binding is of type [ch.qos.logback.classic.util.ContextSelectorStaticBinder]
org.eclipse.m2e.logback.configuration: Initializing logback
org.eclipse.m2e.logback.configuration: The org.eclipse.m2e.logback.configuration bundle was activated before the state location was initialized.  Will retry after the state location is initialized.
org.eclipse.m2e.logback.configuration: Logback config file: /home/alex/eclipse-workspace/.metadata/.plugins/org.eclipse.m2e.logback.configuration/logback.1.11.0.20190220-2119.xml
SLF4J: Class path contains multiple SLF4J bindings.
SLF4J: Found binding in [bundleresource://465.fwk13643661:1/org/slf4j/impl/StaticLoggerBinder.class]
SLF4J: Found binding in [bundleresource://465.fwk13643661:2/org/slf4j/impl/StaticLoggerBinder.class]
SLF4J: See http://www.slf4j.org/codes.html#multiple_bindings for an explanation.
SLF4J: Actual binding is of type [ch.qos.logback.classic.util.ContextSelectorStaticBinder]
org.eclipse.m2e.logback.configuration: Initializing logback
